\BOOKMARK [0][]{chapter.1}{Introduction}{}% 1
\BOOKMARK [1][]{section.1.1}{Background}{chapter.1}% 2
\BOOKMARK [1][]{section.1.2}{Aims\040&\040Objectives}{chapter.1}% 3
\BOOKMARK [2][]{subsection.1.2.1}{Aim}{section.1.2}% 4
\BOOKMARK [2][]{subsection.1.2.2}{Objectives}{section.1.2}% 5
\BOOKMARK [1][]{section.1.3}{Product\040Review}{chapter.1}% 6
\BOOKMARK [2][]{subsection.1.3.1}{Scope}{section.1.3}% 7
\BOOKMARK [2][]{subsection.1.3.2}{Audience}{section.1.3}% 8
\BOOKMARK [0][]{chapter.2}{Background\040Review}{}% 9
\BOOKMARK [1][]{section.2.1}{Existing\040Approaches}{chapter.2}% 10
\BOOKMARK [1][]{section.2.2}{Related\040Literature}{chapter.2}% 11
\BOOKMARK [0][]{chapter.3}{Methodology\040&\040Techniques}{}% 12
\BOOKMARK [1][]{section.3.1}{Approach}{chapter.3}% 13
\BOOKMARK [1][]{section.3.2}{Technologies}{chapter.3}% 14
\BOOKMARK [1][]{section.3.3}{Version\040Control\040&\040Management}{chapter.3}% 15
\BOOKMARK [0][]{chapter.4}{Project\040Management}{}% 16
\BOOKMARK [1][]{section.4.1}{Activities}{chapter.4}% 17
\BOOKMARK [1][]{section.4.2}{Schedule\040and\040Time\040Management}{chapter.4}% 18
\BOOKMARK [1][]{section.4.3}{Data\040Management}{chapter.4}% 19
\BOOKMARK [1][]{section.4.4}{Deliverables}{chapter.4}% 20
\BOOKMARK [0][]{appendix.A}{Ethics\040Form}{}% 21
